<?xml version="1.0" encoding="UTF-8" ?>
<testsuite failures="4" time="0.79" errors="0" skipped="0" tests="4" name="com.clashinspector.DependencyServiceTest">
  <properties>
[...]
</properties>
  <testcase time="0.658" classname="com.clashinspector.DependencyServiceTest" name="testTestproject1">
    <failure message="Wrong number of total projects expected:&lt;2&gt; but was:&lt;0&gt;" type="java.lang.AssertionError">java.lang.AssertionError: Wrong number of total projects expected:&lt;2&gt; but was:&lt;0&gt;
	at org.junit.Assert.fail(Assert.java:88)
	at org.junit.Assert.failNotEquals(Assert.java:743)
	at org.junit.Assert.assertEquals(Assert.java:118)
	at org.junit.Assert.assertEquals(Assert.java:555)
	at com.clashinspector.DependencyServiceTest.testTestproject1(DependencyServiceTest.java:102)
	at sun.reflect.NativeMethodAccessorImpl.invoke0(Native Method)
	at sun.reflect.NativeMethodAccessorImpl.invoke(NativeMethodAccessorImpl.java:57)
	at sun.reflect.DelegatingMethodAccessorImpl.invoke(DelegatingMethodAccessorImpl.java:43)
	at java.lang.reflect.Method.invoke(Method.java:601)
	at org.junit.runners.model.FrameworkMethod$1.runReflectiveCall(FrameworkMethod.java:47)
	at org.junit.internal.runners.model.ReflectiveCallable.run(ReflectiveCallable.java:12)
	at org.junit.runners.model.FrameworkMethod.invokeExplosively(FrameworkMethod.java:44)
	at org.junit.internal.runners.statements.InvokeMethod.evaluate(InvokeMethod.java:17)
	at org.junit.internal.runners.statements.RunBefores.evaluate(RunBefores.java:26)
	at org.junit.runners.ParentRunner.runLeaf(ParentRunner.java:271)
	at org.junit.runners.BlockJUnit4ClassRunner.runChild(BlockJUnit4ClassRunner.java:70)
	at org.junit.runners.BlockJUnit4ClassRunner.runChild(BlockJUnit4ClassRunner.java:50)
	at org.junit.runners.ParentRunner$3.run(ParentRunner.java:238)
	at org.junit.runners.ParentRunner$1.schedule(ParentRunner.java:63)
	at org.junit.runners.ParentRunner.runChildren(ParentRunner.java:236)
	at org.junit.runners.ParentRunner.access$000(ParentRunner.java:53)
	at org.junit.runners.ParentRunner$2.evaluate(ParentRunner.java:229)
	at org.junit.runners.ParentRunner.run(ParentRunner.java:309)
	at org.apache.maven.surefire.junit4.JUnit4Provider.execute(JUnit4Provider.java:252)
	at org.apache.maven.surefire.junit4.JUnit4Provider.executeTestSet(JUnit4Provider.java:141)
	at org.apache.maven.surefire.junit4.JUnit4Provider.invoke(JUnit4Provider.java:112)
	at sun.reflect.NativeMethodAccessorImpl.invoke0(Native Method)
	at sun.reflect.NativeMethodAccessorImpl.invoke(NativeMethodAccessorImpl.java:57)
	at sun.reflect.DelegatingMethodAccessorImpl.invoke(DelegatingMethodAccessorImpl.java:43)
	at java.lang.reflect.Method.invoke(Method.java:601)
	at org.apache.maven.surefire.util.ReflectionUtils.invokeMethodWithArray(ReflectionUtils.java:189)
	at org.apache.maven.surefire.booter.ProviderFactory$ProviderProxy.invoke(ProviderFactory.java:165)
	at org.apache.maven.surefire.booter.ProviderFactory.invokeProvider(ProviderFactory.java:85)
	at org.apache.maven.surefire.booter.ForkedBooter.runSuitesInProcess(ForkedBooter.java:115)
	at org.apache.maven.surefire.booter.ForkedBooter.main(ForkedBooter.java:75)
</failure>
    <system-err>SLF4J: Failed to load class &quot;org.slf4j.impl.StaticLoggerBinder&quot;.
SLF4J: Defaulting to no-operation (NOP) logger implementation
SLF4J: See http://www.slf4j.org/codes.html#StaticLoggerBinder for further details.
java.lang.IllegalArgumentException: transporter provider has not been specified
	at org.eclipse.aether.connector.basic.BasicRepositoryConnectorFactory.setTransporterProvider(BasicRepositoryConnectorFactory.java:113)
	at org.eclipse.aether.connector.basic.BasicRepositoryConnectorFactory.initService(BasicRepositoryConnectorFactory.java:80)
	at org.eclipse.aether.impl.DefaultServiceLocator$Entry.newInstance(DefaultServiceLocator.java:163)
	at org.eclipse.aether.impl.DefaultServiceLocator$Entry.getInstances(DefaultServiceLocator.java:133)
	at org.eclipse.aether.impl.DefaultServiceLocator.getServices(DefaultServiceLocator.java:285)
	at org.eclipse.aether.internal.impl.DefaultRepositoryConnectorProvider.initService(DefaultRepositoryConnectorProvider.java:80)
	at org.eclipse.aether.impl.DefaultServiceLocator$Entry.newInstance(DefaultServiceLocator.java:163)
	at org.eclipse.aether.impl.DefaultServiceLocator$Entry.getInstances(DefaultServiceLocator.java:133)
	at org.eclipse.aether.impl.DefaultServiceLocator$Entry.getInstance(DefaultServiceLocator.java:119)
	at org.eclipse.aether.impl.DefaultServiceLocator.getService(DefaultServiceLocator.java:279)
	at org.eclipse.aether.internal.impl.DefaultMetadataResolver.initService(DefaultMetadataResolver.java:125)
	at org.eclipse.aether.impl.DefaultServiceLocator$Entry.newInstance(DefaultServiceLocator.java:163)
	at org.eclipse.aether.impl.DefaultServiceLocator$Entry.getInstances(DefaultServiceLocator.java:133)
	at org.eclipse.aether.impl.DefaultServiceLocator$Entry.getInstance(DefaultServiceLocator.java:119)
	at org.eclipse.aether.impl.DefaultServiceLocator.getService(DefaultServiceLocator.java:279)
	at org.apache.maven.repository.internal.DefaultVersionResolver.initService(DefaultVersionResolver.java:121)
	at org.eclipse.aether.impl.DefaultServiceLocator$Entry.newInstance(DefaultServiceLocator.java:163)
	at org.eclipse.aether.impl.DefaultServiceLocator$Entry.getInstances(DefaultServiceLocator.java:133)
	at org.eclipse.aether.impl.DefaultServiceLocator$Entry.getInstance(DefaultServiceLocator.java:119)
	at org.eclipse.aether.impl.DefaultServiceLocator.getService(DefaultServiceLocator.java:279)
	at org.eclipse.aether.internal.impl.DefaultRepositorySystem.initService(DefaultRepositorySystem.java:145)
	at org.eclipse.aether.impl.DefaultServiceLocator$Entry.newInstance(DefaultServiceLocator.java:163)
	at org.eclipse.aether.impl.DefaultServiceLocator$Entry.getInstances(DefaultServiceLocator.java:133)
	at org.eclipse.aether.impl.DefaultServiceLocator$Entry.getInstance(DefaultServiceLocator.java:119)
	at org.eclipse.aether.impl.DefaultServiceLocator.getService(DefaultServiceLocator.java:279)
	at com.clashinspector.ManualRepositorySystemFactory.newRepositorySystem(ManualRepositorySystemFactory.java:46)
	at com.clashinspector.DependencyServiceTest.init(DependencyServiceTest.java:44)
	at sun.reflect.NativeMethodAccessorImpl.invoke0(Native Method)
	at sun.reflect.NativeMethodAccessorImpl.invoke(NativeMethodAccessorImpl.java:57)
	at sun.reflect.DelegatingMethodAccessorImpl.invoke(DelegatingMethodAccessorImpl.java:43)
	at java.lang.reflect.Method.invoke(Method.java:601)
	at org.junit.runners.model.FrameworkMethod$1.runReflectiveCall(FrameworkMethod.java:47)
	at org.junit.internal.runners.model.ReflectiveCallable.run(ReflectiveCallable.java:12)
	at org.junit.runners.model.FrameworkMethod.invokeExplosively(FrameworkMethod.java:44)
	at org.junit.internal.runners.statements.RunBefores.evaluate(RunBefores.java:24)
	at org.junit.runners.ParentRunner.runLeaf(ParentRunner.java:271)
	at org.junit.runners.BlockJUnit4ClassRunner.runChild(BlockJUnit4ClassRunner.java:70)
	at org.junit.runners.BlockJUnit4ClassRunner.runChild(BlockJUnit4ClassRunner.java:50)
	at org.junit.runners.ParentRunner$3.run(ParentRunner.java:238)
	at org.junit.runners.ParentRunner$1.schedule(ParentRunner.java:63)
	at org.junit.runners.ParentRunner.runChildren(ParentRunner.java:236)
	at org.junit.runners.ParentRunner.access$000(ParentRunner.java:53)
	at org.junit.runners.ParentRunner$2.evaluate(ParentRunner.java:229)
	at org.junit.runners.ParentRunner.run(ParentRunner.java:309)
	at org.apache.maven.surefire.junit4.JUnit4Provider.execute(JUnit4Provider.java:252)
	at org.apache.maven.surefire.junit4.JUnit4Provider.executeTestSet(JUnit4Provider.java:141)
	at org.apache.maven.surefire.junit4.JUnit4Provider.invoke(JUnit4Provider.java:112)
	at sun.reflect.NativeMethodAccessorImpl.invoke0(Native Method)
	at sun.reflect.NativeMethodAccessorImpl.invoke(NativeMethodAccessorImpl.java:57)
	at sun.reflect.DelegatingMethodAccessorImpl.invoke(DelegatingMethodAccessorImpl.java:43)
	at java.lang.reflect.Method.invoke(Method.java:601)
	at org.apache.maven.surefire.util.ReflectionUtils.invokeMethodWithArray(ReflectionUtils.java:189)
	at org.apache.maven.surefire.booter.ProviderFactory$ProviderProxy.invoke(ProviderFactory.java:165)
	at org.apache.maven.surefire.booter.ProviderFactory.invokeProvider(ProviderFactory.java:85)
	at org.apache.maven.surefire.booter.ForkedBooter.runSuitesInProcess(ForkedBooter.java:115)
	at org.apache.maven.surefire.booter.ForkedBooter.main(ForkedBooter.java:75)
</system-err>
  </testcase>
  <testcase time="0.05" classname="com.clashinspector.DependencyServiceTest" name="testTestproject2">
    <failure message="Wrong number of total projects expected:&lt;2&gt; but was:&lt;0&gt;" type="java.lang.AssertionError">java.lang.AssertionError: Wrong number of total projects expected:&lt;2&gt; but was:&lt;0&gt;
	at org.junit.Assert.fail(Assert.java:88)
	at org.junit.Assert.failNotEquals(Assert.java:743)
	at org.junit.Assert.assertEquals(Assert.java:118)
	at org.junit.Assert.assertEquals(Assert.java:555)
	at com.clashinspector.DependencyServiceTest.testTestproject2(DependencyServiceTest.java:135)
	at sun.reflect.NativeMethodAccessorImpl.invoke0(Native Method)
	at sun.reflect.NativeMethodAccessorImpl.invoke(NativeMethodAccessorImpl.java:57)
	at sun.reflect.DelegatingMethodAccessorImpl.invoke(DelegatingMethodAccessorImpl.java:43)
	at java.lang.reflect.Method.invoke(Method.java:601)
	at org.junit.runners.model.FrameworkMethod$1.runReflectiveCall(FrameworkMethod.java:47)
	at org.junit.internal.runners.model.ReflectiveCallable.run(ReflectiveCallable.java:12)
	at org.junit.runners.model.FrameworkMethod.invokeExplosively(FrameworkMethod.java:44)
	at org.junit.internal.runners.statements.InvokeMethod.evaluate(InvokeMethod.java:17)
	at org.junit.internal.runners.statements.RunBefores.evaluate(RunBefores.java:26)
	at org.junit.runners.ParentRunner.runLeaf(ParentRunner.java:271)
	at org.junit.runners.BlockJUnit4ClassRunner.runChild(BlockJUnit4ClassRunner.java:70)
	at org.junit.runners.BlockJUnit4ClassRunner.runChild(BlockJUnit4ClassRunner.java:50)
	at org.junit.runners.ParentRunner$3.run(ParentRunner.java:238)
	at org.junit.runners.ParentRunner$1.schedule(ParentRunner.java:63)
	at org.junit.runners.ParentRunner.runChildren(ParentRunner.java:236)
	at org.junit.runners.ParentRunner.access$000(ParentRunner.java:53)
	at org.junit.runners.ParentRunner$2.evaluate(ParentRunner.java:229)
	at org.junit.runners.ParentRunner.run(ParentRunner.java:309)
	at org.apache.maven.surefire.junit4.JUnit4Provider.execute(JUnit4Provider.java:252)
	at org.apache.maven.surefire.junit4.JUnit4Provider.executeTestSet(JUnit4Provider.java:141)
	at org.apache.maven.surefire.junit4.JUnit4Provider.invoke(JUnit4Provider.java:112)
	at sun.reflect.NativeMethodAccessorImpl.invoke0(Native Method)
	at sun.reflect.NativeMethodAccessorImpl.invoke(NativeMethodAccessorImpl.java:57)
	at sun.reflect.DelegatingMethodAccessorImpl.invoke(DelegatingMethodAccessorImpl.java:43)
	at java.lang.reflect.Method.invoke(Method.java:601)
	at org.apache.maven.surefire.util.ReflectionUtils.invokeMethodWithArray(ReflectionUtils.java:189)
	at org.apache.maven.surefire.booter.ProviderFactory$ProviderProxy.invoke(ProviderFactory.java:165)
	at org.apache.maven.surefire.booter.ProviderFactory.invokeProvider(ProviderFactory.java:85)
	at org.apache.maven.surefire.booter.ForkedBooter.runSuitesInProcess(ForkedBooter.java:115)
	at org.apache.maven.surefire.booter.ForkedBooter.main(ForkedBooter.java:75)
</failure>
    <system-err>java.lang.IllegalArgumentException: transporter provider has not been specified
	at org.eclipse.aether.connector.basic.BasicRepositoryConnectorFactory.setTransporterProvider(BasicRepositoryConnectorFactory.java:113)
	at org.eclipse.aether.connector.basic.BasicRepositoryConnectorFactory.initService(BasicRepositoryConnectorFactory.java:80)
	at org.eclipse.aether.impl.DefaultServiceLocator$Entry.newInstance(DefaultServiceLocator.java:163)
	at org.eclipse.aether.impl.DefaultServiceLocator$Entry.getInstances(DefaultServiceLocator.java:133)
	at org.eclipse.aether.impl.DefaultServiceLocator.getServices(DefaultServiceLocator.java:285)
	at org.eclipse.aether.internal.impl.DefaultRepositoryConnectorProvider.initService(DefaultRepositoryConnectorProvider.java:80)
	at org.eclipse.aether.impl.DefaultServiceLocator$Entry.newInstance(DefaultServiceLocator.java:163)
	at org.eclipse.aether.impl.DefaultServiceLocator$Entry.getInstances(DefaultServiceLocator.java:133)
	at org.eclipse.aether.impl.DefaultServiceLocator$Entry.getInstance(DefaultServiceLocator.java:119)
	at org.eclipse.aether.impl.DefaultServiceLocator.getService(DefaultServiceLocator.java:279)
	at org.eclipse.aether.internal.impl.DefaultMetadataResolver.initService(DefaultMetadataResolver.java:125)
	at org.eclipse.aether.impl.DefaultServiceLocator$Entry.newInstance(DefaultServiceLocator.java:163)
	at org.eclipse.aether.impl.DefaultServiceLocator$Entry.getInstances(DefaultServiceLocator.java:133)
	at org.eclipse.aether.impl.DefaultServiceLocator$Entry.getInstance(DefaultServiceLocator.java:119)
	at org.eclipse.aether.impl.DefaultServiceLocator.getService(DefaultServiceLocator.java:279)
	at org.apache.maven.repository.internal.DefaultVersionResolver.initService(DefaultVersionResolver.java:121)
	at org.eclipse.aether.impl.DefaultServiceLocator$Entry.newInstance(DefaultServiceLocator.java:163)
	at org.eclipse.aether.impl.DefaultServiceLocator$Entry.getInstances(DefaultServiceLocator.java:133)
	at org.eclipse.aether.impl.DefaultServiceLocator$Entry.getInstance(DefaultServiceLocator.java:119)
	at org.eclipse.aether.impl.DefaultServiceLocator.getService(DefaultServiceLocator.java:279)
	at org.eclipse.aether.internal.impl.DefaultRepositorySystem.initService(DefaultRepositorySystem.java:145)
	at org.eclipse.aether.impl.DefaultServiceLocator$Entry.newInstance(DefaultServiceLocator.java:163)
	at org.eclipse.aether.impl.DefaultServiceLocator$Entry.getInstances(DefaultServiceLocator.java:133)
	at org.eclipse.aether.impl.DefaultServiceLocator$Entry.getInstance(DefaultServiceLocator.java:119)
	at org.eclipse.aether.impl.DefaultServiceLocator.getService(DefaultServiceLocator.java:279)
	at com.clashinspector.ManualRepositorySystemFactory.newRepositorySystem(ManualRepositorySystemFactory.java:46)
	at com.clashinspector.DependencyServiceTest.init(DependencyServiceTest.java:44)
	at sun.reflect.NativeMethodAccessorImpl.invoke0(Native Method)
	at sun.reflect.NativeMethodAccessorImpl.invoke(NativeMethodAccessorImpl.java:57)
	at sun.reflect.DelegatingMethodAccessorImpl.invoke(DelegatingMethodAccessorImpl.java:43)
	at java.lang.reflect.Method.invoke(Method.java:601)
	at org.junit.runners.model.FrameworkMethod$1.runReflectiveCall(FrameworkMethod.java:47)
	at org.junit.internal.runners.model.ReflectiveCallable.run(ReflectiveCallable.java:12)
	at org.junit.runners.model.FrameworkMethod.invokeExplosively(FrameworkMethod.java:44)
	at org.junit.internal.runners.statements.RunBefores.evaluate(RunBefores.java:24)
	at org.junit.runners.ParentRunner.runLeaf(ParentRunner.java:271)
	at org.junit.runners.BlockJUnit4ClassRunner.runChild(BlockJUnit4ClassRunner.java:70)
	at org.junit.runners.BlockJUnit4ClassRunner.runChild(BlockJUnit4ClassRunner.java:50)
	at org.junit.runners.ParentRunner$3.run(ParentRunner.java:238)
	at org.junit.runners.ParentRunner$1.schedule(ParentRunner.java:63)
	at org.junit.runners.ParentRunner.runChildren(ParentRunner.java:236)
	at org.junit.runners.ParentRunner.access$000(ParentRunner.java:53)
	at org.junit.runners.ParentRunner$2.evaluate(ParentRunner.java:229)
	at org.junit.runners.ParentRunner.run(ParentRunner.java:309)
	at org.apache.maven.surefire.junit4.JUnit4Provider.execute(JUnit4Provider.java:252)
	at org.apache.maven.surefire.junit4.JUnit4Provider.executeTestSet(JUnit4Provider.java:141)
	at org.apache.maven.surefire.junit4.JUnit4Provider.invoke(JUnit4Provider.java:112)
	at sun.reflect.NativeMethodAccessorImpl.invoke0(Native Method)
	at sun.reflect.NativeMethodAccessorImpl.invoke(NativeMethodAccessorImpl.java:57)
	at sun.reflect.DelegatingMethodAccessorImpl.invoke(DelegatingMethodAccessorImpl.java:43)
	at java.lang.reflect.Method.invoke(Method.java:601)
	at org.apache.maven.surefire.util.ReflectionUtils.invokeMethodWithArray(ReflectionUtils.java:189)
	at org.apache.maven.surefire.booter.ProviderFactory$ProviderProxy.invoke(ProviderFactory.java:165)
	at org.apache.maven.surefire.booter.ProviderFactory.invokeProvider(ProviderFactory.java:85)
	at org.apache.maven.surefire.booter.ForkedBooter.runSuitesInProcess(ForkedBooter.java:115)
	at org.apache.maven.surefire.booter.ForkedBooter.main(ForkedBooter.java:75)
</system-err>
  </testcase>
  <testcase time="0.081" classname="com.clashinspector.DependencyServiceTest" name="testTestproject3">
    <failure message="Wrong number of total projects expected:&lt;2&gt; but was:&lt;0&gt;" type="java.lang.AssertionError">java.lang.AssertionError: Wrong number of total projects expected:&lt;2&gt; but was:&lt;0&gt;
	at org.junit.Assert.fail(Assert.java:88)
	at org.junit.Assert.failNotEquals(Assert.java:743)
	at org.junit.Assert.assertEquals(Assert.java:118)
	at org.junit.Assert.assertEquals(Assert.java:555)
	at com.clashinspector.DependencyServiceTest.testTestproject3(DependencyServiceTest.java:166)
	at sun.reflect.NativeMethodAccessorImpl.invoke0(Native Method)
	at sun.reflect.NativeMethodAccessorImpl.invoke(NativeMethodAccessorImpl.java:57)
	at sun.reflect.DelegatingMethodAccessorImpl.invoke(DelegatingMethodAccessorImpl.java:43)
	at java.lang.reflect.Method.invoke(Method.java:601)
	at org.junit.runners.model.FrameworkMethod$1.runReflectiveCall(FrameworkMethod.java:47)
	at org.junit.internal.runners.model.ReflectiveCallable.run(ReflectiveCallable.java:12)
	at org.junit.runners.model.FrameworkMethod.invokeExplosively(FrameworkMethod.java:44)
	at org.junit.internal.runners.statements.InvokeMethod.evaluate(InvokeMethod.java:17)
	at org.junit.internal.runners.statements.RunBefores.evaluate(RunBefores.java:26)
	at org.junit.runners.ParentRunner.runLeaf(ParentRunner.java:271)
	at org.junit.runners.BlockJUnit4ClassRunner.runChild(BlockJUnit4ClassRunner.java:70)
	at org.junit.runners.BlockJUnit4ClassRunner.runChild(BlockJUnit4ClassRunner.java:50)
	at org.junit.runners.ParentRunner$3.run(ParentRunner.java:238)
	at org.junit.runners.ParentRunner$1.schedule(ParentRunner.java:63)
	at org.junit.runners.ParentRunner.runChildren(ParentRunner.java:236)
	at org.junit.runners.ParentRunner.access$000(ParentRunner.java:53)
	at org.junit.runners.ParentRunner$2.evaluate(ParentRunner.java:229)
	at org.junit.runners.ParentRunner.run(ParentRunner.java:309)
	at org.apache.maven.surefire.junit4.JUnit4Provider.execute(JUnit4Provider.java:252)
	at org.apache.maven.surefire.junit4.JUnit4Provider.executeTestSet(JUnit4Provider.java:141)
	at org.apache.maven.surefire.junit4.JUnit4Provider.invoke(JUnit4Provider.java:112)
	at sun.reflect.NativeMethodAccessorImpl.invoke0(Native Method)
	at sun.reflect.NativeMethodAccessorImpl.invoke(NativeMethodAccessorImpl.java:57)
	at sun.reflect.DelegatingMethodAccessorImpl.invoke(DelegatingMethodAccessorImpl.java:43)
	at java.lang.reflect.Method.invoke(Method.java:601)
	at org.apache.maven.surefire.util.ReflectionUtils.invokeMethodWithArray(ReflectionUtils.java:189)
	at org.apache.maven.surefire.booter.ProviderFactory$ProviderProxy.invoke(ProviderFactory.java:165)
	at org.apache.maven.surefire.booter.ProviderFactory.invokeProvider(ProviderFactory.java:85)
	at org.apache.maven.surefire.booter.ForkedBooter.runSuitesInProcess(ForkedBooter.java:115)
	at org.apache.maven.surefire.booter.ForkedBooter.main(ForkedBooter.java:75)
</failure>
    <system-err>java.lang.IllegalArgumentException: transporter provider has not been specified
	at org.eclipse.aether.connector.basic.BasicRepositoryConnectorFactory.setTransporterProvider(BasicRepositoryConnectorFactory.java:113)
	at org.eclipse.aether.connector.basic.BasicRepositoryConnectorFactory.initService(BasicRepositoryConnectorFactory.java:80)
	at org.eclipse.aether.impl.DefaultServiceLocator$Entry.newInstance(DefaultServiceLocator.java:163)
	at org.eclipse.aether.impl.DefaultServiceLocator$Entry.getInstances(DefaultServiceLocator.java:133)
	at org.eclipse.aether.impl.DefaultServiceLocator.getServices(DefaultServiceLocator.java:285)
	at org.eclipse.aether.internal.impl.DefaultRepositoryConnectorProvider.initService(DefaultRepositoryConnectorProvider.java:80)
	at org.eclipse.aether.impl.DefaultServiceLocator$Entry.newInstance(DefaultServiceLocator.java:163)
	at org.eclipse.aether.impl.DefaultServiceLocator$Entry.getInstances(DefaultServiceLocator.java:133)
	at org.eclipse.aether.impl.DefaultServiceLocator$Entry.getInstance(DefaultServiceLocator.java:119)
	at org.eclipse.aether.impl.DefaultServiceLocator.getService(DefaultServiceLocator.java:279)
	at org.eclipse.aether.internal.impl.DefaultMetadataResolver.initService(DefaultMetadataResolver.java:125)
	at org.eclipse.aether.impl.DefaultServiceLocator$Entry.newInstance(DefaultServiceLocator.java:163)
	at org.eclipse.aether.impl.DefaultServiceLocator$Entry.getInstances(DefaultServiceLocator.java:133)
	at org.eclipse.aether.impl.DefaultServiceLocator$Entry.getInstance(DefaultServiceLocator.java:119)
	at org.eclipse.aether.impl.DefaultServiceLocator.getService(DefaultServiceLocator.java:279)
	at org.apache.maven.repository.internal.DefaultVersionResolver.initService(DefaultVersionResolver.java:121)
	at org.eclipse.aether.impl.DefaultServiceLocator$Entry.newInstance(DefaultServiceLocator.java:163)
	at org.eclipse.aether.impl.DefaultServiceLocator$Entry.getInstances(DefaultServiceLocator.java:133)
	at org.eclipse.aether.impl.DefaultServiceLocator$Entry.getInstance(DefaultServiceLocator.java:119)
	at org.eclipse.aether.impl.DefaultServiceLocator.getService(DefaultServiceLocator.java:279)
	at org.eclipse.aether.internal.impl.DefaultRepositorySystem.initService(DefaultRepositorySystem.java:145)
	at org.eclipse.aether.impl.DefaultServiceLocator$Entry.newInstance(DefaultServiceLocator.java:163)
	at org.eclipse.aether.impl.DefaultServiceLocator$Entry.getInstances(DefaultServiceLocator.java:133)
	at org.eclipse.aether.impl.DefaultServiceLocator$Entry.getInstance(DefaultServiceLocator.java:119)
	at org.eclipse.aether.impl.DefaultServiceLocator.getService(DefaultServiceLocator.java:279)
	at com.clashinspector.ManualRepositorySystemFactory.newRepositorySystem(ManualRepositorySystemFactory.java:46)
	at com.clashinspector.DependencyServiceTest.init(DependencyServiceTest.java:44)
	at sun.reflect.NativeMethodAccessorImpl.invoke0(Native Method)
	at sun.reflect.NativeMethodAccessorImpl.invoke(NativeMethodAccessorImpl.java:57)
	at sun.reflect.DelegatingMethodAccessorImpl.invoke(DelegatingMethodAccessorImpl.java:43)
	at java.lang.reflect.Method.invoke(Method.java:601)
	at org.junit.runners.model.FrameworkMethod$1.runReflectiveCall(FrameworkMethod.java:47)
	at org.junit.internal.runners.model.ReflectiveCallable.run(ReflectiveCallable.java:12)
	at org.junit.runners.model.FrameworkMethod.invokeExplosively(FrameworkMethod.java:44)
	at org.junit.internal.runners.statements.RunBefores.evaluate(RunBefores.java:24)
	at org.junit.runners.ParentRunner.runLeaf(ParentRunner.java:271)
	at org.junit.runners.BlockJUnit4ClassRunner.runChild(BlockJUnit4ClassRunner.java:70)
	at org.junit.runners.BlockJUnit4ClassRunner.runChild(BlockJUnit4ClassRunner.java:50)
	at org.junit.runners.ParentRunner$3.run(ParentRunner.java:238)
	at org.junit.runners.ParentRunner$1.schedule(ParentRunner.java:63)
	at org.junit.runners.ParentRunner.runChildren(ParentRunner.java:236)
	at org.junit.runners.ParentRunner.access$000(ParentRunner.java:53)
	at org.junit.runners.ParentRunner$2.evaluate(ParentRunner.java:229)
	at org.junit.runners.ParentRunner.run(ParentRunner.java:309)
	at org.apache.maven.surefire.junit4.JUnit4Provider.execute(JUnit4Provider.java:252)
	at org.apache.maven.surefire.junit4.JUnit4Provider.executeTestSet(JUnit4Provider.java:141)
	at org.apache.maven.surefire.junit4.JUnit4Provider.invoke(JUnit4Provider.java:112)
	at sun.reflect.NativeMethodAccessorImpl.invoke0(Native Method)
	at sun.reflect.NativeMethodAccessorImpl.invoke(NativeMethodAccessorImpl.java:57)
	at sun.reflect.DelegatingMethodAccessorImpl.invoke(DelegatingMethodAccessorImpl.java:43)
	at java.lang.reflect.Method.invoke(Method.java:601)
	at org.apache.maven.surefire.util.ReflectionUtils.invokeMethodWithArray(ReflectionUtils.java:189)
	at org.apache.maven.surefire.booter.ProviderFactory$ProviderProxy.invoke(ProviderFactory.java:165)
	at org.apache.maven.surefire.booter.ProviderFactory.invokeProvider(ProviderFactory.java:85)
	at org.apache.maven.surefire.booter.ForkedBooter.runSuitesInProcess(ForkedBooter.java:115)
	at org.apache.maven.surefire.booter.ForkedBooter.main(ForkedBooter.java:75)
</system-err>
  </testcase>
  <testcase time="0.001" classname="com.clashinspector.DependencyServiceTest" name="testTestproject4">
    <failure message="Wrong number of total projects expected:&lt;4&gt; but was:&lt;0&gt;" type="java.lang.AssertionError">java.lang.AssertionError: Wrong number of total projects expected:&lt;4&gt; but was:&lt;0&gt;
	at org.junit.Assert.fail(Assert.java:88)
	at org.junit.Assert.failNotEquals(Assert.java:743)
	at org.junit.Assert.assertEquals(Assert.java:118)
	at org.junit.Assert.assertEquals(Assert.java:555)
	at com.clashinspector.DependencyServiceTest.testTestproject4(DependencyServiceTest.java:199)
	at sun.reflect.NativeMethodAccessorImpl.invoke0(Native Method)
	at sun.reflect.NativeMethodAccessorImpl.invoke(NativeMethodAccessorImpl.java:57)
	at sun.reflect.DelegatingMethodAccessorImpl.invoke(DelegatingMethodAccessorImpl.java:43)
	at java.lang.reflect.Method.invoke(Method.java:601)
	at org.junit.runners.model.FrameworkMethod$1.runReflectiveCall(FrameworkMethod.java:47)
	at org.junit.internal.runners.model.ReflectiveCallable.run(ReflectiveCallable.java:12)
	at org.junit.runners.model.FrameworkMethod.invokeExplosively(FrameworkMethod.java:44)
	at org.junit.internal.runners.statements.InvokeMethod.evaluate(InvokeMethod.java:17)
	at org.junit.internal.runners.statements.RunBefores.evaluate(RunBefores.java:26)
	at org.junit.runners.ParentRunner.runLeaf(ParentRunner.java:271)
	at org.junit.runners.BlockJUnit4ClassRunner.runChild(BlockJUnit4ClassRunner.java:70)
	at org.junit.runners.BlockJUnit4ClassRunner.runChild(BlockJUnit4ClassRunner.java:50)
	at org.junit.runners.ParentRunner$3.run(ParentRunner.java:238)
	at org.junit.runners.ParentRunner$1.schedule(ParentRunner.java:63)
	at org.junit.runners.ParentRunner.runChildren(ParentRunner.java:236)
	at org.junit.runners.ParentRunner.access$000(ParentRunner.java:53)
	at org.junit.runners.ParentRunner$2.evaluate(ParentRunner.java:229)
	at org.junit.runners.ParentRunner.run(ParentRunner.java:309)
	at org.apache.maven.surefire.junit4.JUnit4Provider.execute(JUnit4Provider.java:252)
	at org.apache.maven.surefire.junit4.JUnit4Provider.executeTestSet(JUnit4Provider.java:141)
	at org.apache.maven.surefire.junit4.JUnit4Provider.invoke(JUnit4Provider.java:112)
	at sun.reflect.NativeMethodAccessorImpl.invoke0(Native Method)
	at sun.reflect.NativeMethodAccessorImpl.invoke(NativeMethodAccessorImpl.java:57)
	at sun.reflect.DelegatingMethodAccessorImpl.invoke(DelegatingMethodAccessorImpl.java:43)
	at java.lang.reflect.Method.invoke(Method.java:601)
	at org.apache.maven.surefire.util.ReflectionUtils.invokeMethodWithArray(ReflectionUtils.java:189)
	at org.apache.maven.surefire.booter.ProviderFactory$ProviderProxy.invoke(ProviderFactory.java:165)
	at org.apache.maven.surefire.booter.ProviderFactory.invokeProvider(ProviderFactory.java:85)
	at org.apache.maven.surefire.booter.ForkedBooter.runSuitesInProcess(ForkedBooter.java:115)
	at org.apache.maven.surefire.booter.ForkedBooter.main(ForkedBooter.java:75)
</failure>
    <system-err>java.lang.IllegalArgumentException: transporter provider has not been specified
	at org.eclipse.aether.connector.basic.BasicRepositoryConnectorFactory.setTransporterProvider(BasicRepositoryConnectorFactory.java:113)
	at org.eclipse.aether.connector.basic.BasicRepositoryConnectorFactory.initService(BasicRepositoryConnectorFactory.java:80)
	at org.eclipse.aether.impl.DefaultServiceLocator$Entry.newInstance(DefaultServiceLocator.java:163)
	at org.eclipse.aether.impl.DefaultServiceLocator$Entry.getInstances(DefaultServiceLocator.java:133)
	at org.eclipse.aether.impl.DefaultServiceLocator.getServices(DefaultServiceLocator.java:285)
	at org.eclipse.aether.internal.impl.DefaultRepositoryConnectorProvider.initService(DefaultRepositoryConnectorProvider.java:80)
	at org.eclipse.aether.impl.DefaultServiceLocator$Entry.newInstance(DefaultServiceLocator.java:163)
	at org.eclipse.aether.impl.DefaultServiceLocator$Entry.getInstances(DefaultServiceLocator.java:133)
	at org.eclipse.aether.impl.DefaultServiceLocator$Entry.getInstance(DefaultServiceLocator.java:119)
	at org.eclipse.aether.impl.DefaultServiceLocator.getService(DefaultServiceLocator.java:279)
	at org.eclipse.aether.internal.impl.DefaultMetadataResolver.initService(DefaultMetadataResolver.java:125)
	at org.eclipse.aether.impl.DefaultServiceLocator$Entry.newInstance(DefaultServiceLocator.java:163)
	at org.eclipse.aether.impl.DefaultServiceLocator$Entry.getInstances(DefaultServiceLocator.java:133)
	at org.eclipse.aether.impl.DefaultServiceLocator$Entry.getInstance(DefaultServiceLocator.java:119)
	at org.eclipse.aether.impl.DefaultServiceLocator.getService(DefaultServiceLocator.java:279)
	at org.apache.maven.repository.internal.DefaultVersionResolver.initService(DefaultVersionResolver.java:121)
	at org.eclipse.aether.impl.DefaultServiceLocator$Entry.newInstance(DefaultServiceLocator.java:163)
	at org.eclipse.aether.impl.DefaultServiceLocator$Entry.getInstances(DefaultServiceLocator.java:133)
	at org.eclipse.aether.impl.DefaultServiceLocator$Entry.getInstance(DefaultServiceLocator.java:119)
	at org.eclipse.aether.impl.DefaultServiceLocator.getService(DefaultServiceLocator.java:279)
	at org.eclipse.aether.internal.impl.DefaultRepositorySystem.initService(DefaultRepositorySystem.java:145)
	at org.eclipse.aether.impl.DefaultServiceLocator$Entry.newInstance(DefaultServiceLocator.java:163)
	at org.eclipse.aether.impl.DefaultServiceLocator$Entry.getInstances(DefaultServiceLocator.java:133)
	at org.eclipse.aether.impl.DefaultServiceLocator$Entry.getInstance(DefaultServiceLocator.java:119)
	at org.eclipse.aether.impl.DefaultServiceLocator.getService(DefaultServiceLocator.java:279)
	at com.clashinspector.ManualRepositorySystemFactory.newRepositorySystem(ManualRepositorySystemFactory.java:46)
	at com.clashinspector.DependencyServiceTest.init(DependencyServiceTest.java:44)
	at sun.reflect.NativeMethodAccessorImpl.invoke0(Native Method)
	at sun.reflect.NativeMethodAccessorImpl.invoke(NativeMethodAccessorImpl.java:57)
	at sun.reflect.DelegatingMethodAccessorImpl.invoke(DelegatingMethodAccessorImpl.java:43)
	at java.lang.reflect.Method.invoke(Method.java:601)
	at org.junit.runners.model.FrameworkMethod$1.runReflectiveCall(FrameworkMethod.java:47)
	at org.junit.internal.runners.model.ReflectiveCallable.run(ReflectiveCallable.java:12)
	at org.junit.runners.model.FrameworkMethod.invokeExplosively(FrameworkMethod.java:44)
	at org.junit.internal.runners.statements.RunBefores.evaluate(RunBefores.java:24)
	at org.junit.runners.ParentRunner.runLeaf(ParentRunner.java:271)
	at org.junit.runners.BlockJUnit4ClassRunner.runChild(BlockJUnit4ClassRunner.java:70)
	at org.junit.runners.BlockJUnit4ClassRunner.runChild(BlockJUnit4ClassRunner.java:50)
	at org.junit.runners.ParentRunner$3.run(ParentRunner.java:238)
	at org.junit.runners.ParentRunner$1.schedule(ParentRunner.java:63)
	at org.junit.runners.ParentRunner.runChildren(ParentRunner.java:236)
	at org.junit.runners.ParentRunner.access$000(ParentRunner.java:53)
	at org.junit.runners.ParentRunner$2.evaluate(ParentRunner.java:229)
	at org.junit.runners.ParentRunner.run(ParentRunner.java:309)
	at org.apache.maven.surefire.junit4.JUnit4Provider.execute(JUnit4Provider.java:252)
	at org.apache.maven.surefire.junit4.JUnit4Provider.executeTestSet(JUnit4Provider.java:141)
	at org.apache.maven.surefire.junit4.JUnit4Provider.invoke(JUnit4Provider.java:112)
	at sun.reflect.NativeMethodAccessorImpl.invoke0(Native Method)
	at sun.reflect.NativeMethodAccessorImpl.invoke(NativeMethodAccessorImpl.java:57)
	at sun.reflect.DelegatingMethodAccessorImpl.invoke(DelegatingMethodAccessorImpl.java:43)
	at java.lang.reflect.Method.invoke(Method.java:601)
	at org.apache.maven.surefire.util.ReflectionUtils.invokeMethodWithArray(ReflectionUtils.java:189)
	at org.apache.maven.surefire.booter.ProviderFactory$ProviderProxy.invoke(ProviderFactory.java:165)
	at org.apache.maven.surefire.booter.ProviderFactory.invokeProvider(ProviderFactory.java:85)
	at org.apache.maven.surefire.booter.ForkedBooter.runSuitesInProcess(ForkedBooter.java:115)
	at org.apache.maven.surefire.booter.ForkedBooter.main(ForkedBooter.java:75)
</system-err>
  </testcase>
</testsuite>